<?xml version="1.0" encoding="UTF-8"?>
<!-- Generated by org.testng.reporters.JUnitReportReporter -->
<testsuite skipped="2" hostname="DESKTOP-M2MH32B" name="com.example.T" tests="3" failures="0" timestamp="28 Jan 2018 15:31:19 GMT" time="17.045" errors="1">
  <testcase name="setUp" time="17.045" classname="com.example.T">
    <error type="java.lang.NullPointerException">
      <![CDATA[java.lang.NullPointerExceptionat org.openqa.selenium.remote.RemoteWebElement.execute(RemoteWebElement.java:279)at org.openqa.selenium.remote.RemoteWebElement.isDisplayed(RemoteWebElement.java:320)at org.openqa.selenium.support.ui.ExpectedConditions.elementIfVisible(ExpectedConditions.java:301)at org.openqa.selenium.support.ui.ExpectedConditions.access$100(ExpectedConditions.java:43)at org.openqa.selenium.support.ui.ExpectedConditions$7.apply(ExpectedConditions.java:205)at org.openqa.selenium.support.ui.ExpectedConditions$7.apply(ExpectedConditions.java:201)at org.openqa.selenium.support.ui.ExpectedConditions$22.apply(ExpectedConditions.java:643)at org.openqa.selenium.support.ui.ExpectedConditions$22.apply(ExpectedConditions.java:640)at org.openqa.selenium.support.ui.FluentWait.until(FluentWait.java:208)at com.example.T.setUp(T.java:33)at sun.reflect.NativeMethodAccessorImpl.invoke0(Native Method)at sun.reflect.NativeMethodAccessorImpl.invoke(NativeMethodAccessorImpl.java:62)at sun.reflect.DelegatingMethodAccessorImpl.invoke(DelegatingMethodAccessorImpl.java:43)at java.lang.reflect.Method.invoke(Method.java:498)at org.testng.internal.MethodInvocationHelper.invokeMethod(MethodInvocationHelper.java:124)at org.testng.internal.MethodInvocationHelper.invokeMethodConsideringTimeout(MethodInvocationHelper.java:59)at org.testng.internal.Invoker.invokeConfigurationMethod(Invoker.java:451)at org.testng.internal.Invoker.invokeConfigurations(Invoker.java:222)at org.testng.internal.Invoker.invokeConfigurations(Invoker.java:142)at org.testng.TestRunner.beforeRun(TestRunner.java:529)at org.testng.TestRunner.run(TestRunner.java:497)at org.testng.SuiteRunner.runTest(SuiteRunner.java:455)at org.testng.SuiteRunner.runSequentially(SuiteRunner.java:450)at org.testng.SuiteRunner.privateRun(SuiteRunner.java:415)at org.testng.SuiteRunner.run(SuiteRunner.java:364)at org.testng.SuiteRunnerWorker.runSuite(SuiteRunnerWorker.java:52)at org.testng.SuiteRunnerWorker.run(SuiteRunnerWorker.java:84)at org.testng.TestNG.runSuitesSequentially(TestNG.java:1187)at org.testng.TestNG.runSuitesLocally(TestNG.java:1116)at org.testng.TestNG.runSuites(TestNG.java:1028)at org.testng.TestNG.run(TestNG.java:996)at org.testng.remote.AbstractRemoteTestNG.run(AbstractRemoteTestNG.java:114)at org.testng.remote.RemoteTestNG.initAndRun(RemoteTestNG.java:251)at org.testng.remote.RemoteTestNG.main(RemoteTestNG.java:77)]]>
    </error>
  </testcase> <!-- setUp -->
  <testcase name="swipingHorizontal" time="0.000" classname="com.example.T">
    <skipped/>
  </testcase> <!-- swipingHorizontal -->
  <testcase name="swipingVertical" time="0.000" classname="com.example.T">
    <skipped/>
  </testcase> <!-- swipingVertical -->
</testsuite> <!-- com.example.T -->
