<?xml version="1.0" encoding="UTF-8"?>
<!-- Generated by org.testng.reporters.JUnitReportReporter -->
<testsuite skipped="0" hostname="DESKTOP-M2MH32B" name="com.example.AndroidCalcAppExample" tests="1" failures="0" timestamp="27 Jan 2018 19:05:42 GMT" time="5.195" errors="0">
  <testcase name="Sum" time="5.195" classname="com.example.AndroidCalcAppExample"/>
</testsuite> <!-- com.example.AndroidCalcAppExample -->
