<?xml version="1.0" encoding="UTF-8"?>
<!-- Generated by org.testng.reporters.JUnitReportReporter -->
<testsuite skipped="0" hostname="DESKTOP-M2MH32B" name="com.example.AndroidCalanderAppExample" tests="1" failures="0" timestamp="28 Jan 2018 13:18:05 GMT" time="15.703" errors="0">
  <testcase name="Sum" time="15.703" classname="com.example.AndroidCalanderAppExample"/>
</testsuite> <!-- com.example.AndroidCalanderAppExample -->
